<?xml version="1.0" encoding="UTF-8"?>
<testng-results skipped="0" failed="1" ignored="0" total="3" passed="2">
  <reporter-output>
  </reporter-output>
  <suite name="SauceDemoEcommerceSuite" duration-ms="14854" started-at="2022-06-20T06:39:19Z" finished-at="2022-06-20T06:39:34Z">
    <groups>
    </groups>
    <test name="SauceDemoEcommerceTest" duration-ms="14854" started-at="2022-06-20T06:39:19Z" finished-at="2022-06-20T06:39:34Z">
      <class name="com.SauceDemo.testCases.CheckoutPageTest">
        <test-method status="PASS" signature="initialization()[pri:0, instance:com.SauceDemo.testCases.CheckoutPageTest@2ac273d3]" name="initialization" is-config="true" duration-ms="2470" started-at="2022-06-20T12:09:19Z" finished-at="2022-06-20T12:09:22Z">
          <reporter-output>
          </reporter-output>
        </test-method> <!-- initialization -->
        <test-method status="FAIL" signature="validateCheckoutPageURLTest()[pri:1, instance:com.SauceDemo.testCases.CheckoutPageTest@2ac273d3]" name="validateCheckoutPageURLTest" duration-ms="836" started-at="2022-06-20T12:09:22Z" finished-at="2022-06-20T12:09:22Z">
          <exception class="java.lang.AssertionError">
            <message>
              <![CDATA[expected [https://www.saucedemo.com/checkout-step-one.ht] but found [https://www.saucedemo.com/checkout-step-one.html]]]>
            </message>
            <full-stacktrace>
              <![CDATA[java.lang.AssertionError: expected [https://www.saucedemo.com/checkout-step-one.ht] but found [https://www.saucedemo.com/checkout-step-one.html]
	at org.testng.Assert.fail(Assert.java:93)
	at org.testng.Assert.failNotEquals(Assert.java:512)
	at org.testng.Assert.assertEqualsImpl(Assert.java:134)
	at org.testng.Assert.assertEquals(Assert.java:115)
	at org.testng.Assert.assertEquals(Assert.java:189)
	at org.testng.Assert.assertEquals(Assert.java:199)
	at com.SauceDemo.testCases.CheckoutPageTest.validateCheckoutPageURLTest(CheckoutPageTest.java:36)
	at sun.reflect.NativeMethodAccessorImpl.invoke0(Native Method)
	at sun.reflect.NativeMethodAccessorImpl.invoke(NativeMethodAccessorImpl.java:62)
	at sun.reflect.DelegatingMethodAccessorImpl.invoke(DelegatingMethodAccessorImpl.java:43)
	at java.lang.reflect.Method.invoke(Method.java:498)
	at org.testng.internal.MethodInvocationHelper.invokeMethod(MethodInvocationHelper.java:108)
	at org.testng.internal.Invoker.invokeMethod(Invoker.java:661)
	at org.testng.internal.Invoker.invokeTestMethod(Invoker.java:869)
	at org.testng.internal.Invoker.invokeTestMethods(Invoker.java:1193)
	at org.testng.internal.TestMethodWorker.invokeTestMethods(TestMethodWorker.java:126)
	at org.testng.internal.TestMethodWorker.run(TestMethodWorker.java:109)
	at org.testng.TestRunner.privateRun(TestRunner.java:744)
	at org.testng.TestRunner.run(TestRunner.java:602)
	at org.testng.SuiteRunner.runTest(SuiteRunner.java:380)
	at org.testng.SuiteRunner.runSequentially(SuiteRunner.java:375)
	at org.testng.SuiteRunner.privateRun(SuiteRunner.java:340)
	at org.testng.SuiteRunner.run(SuiteRunner.java:289)
	at org.testng.SuiteRunnerWorker.runSuite(SuiteRunnerWorker.java:52)
	at org.testng.SuiteRunnerWorker.run(SuiteRunnerWorker.java:86)
	at org.testng.TestNG.runSuitesSequentially(TestNG.java:1301)
	at org.testng.TestNG.runSuitesLocally(TestNG.java:1226)
	at org.testng.TestNG.runSuites(TestNG.java:1144)
	at org.testng.TestNG.run(TestNG.java:1115)
	at org.testng.remote.AbstractRemoteTestNG.run(AbstractRemoteTestNG.java:132)
	at org.testng.remote.RemoteTestNG.initAndRun(RemoteTestNG.java:230)
	at org.testng.remote.RemoteTestNG.main(RemoteTestNG.java:76)
]]>
            </full-stacktrace>
          </exception> <!-- java.lang.AssertionError -->
          <reporter-output>
          </reporter-output>
        </test-method> <!-- validateCheckoutPageURLTest -->
        <test-method status="PASS" signature="tearDown()[pri:0, instance:com.SauceDemo.testCases.CheckoutPageTest@2ac273d3]" name="tearDown" is-config="true" duration-ms="744" started-at="2022-06-20T12:09:23Z" finished-at="2022-06-20T12:09:23Z">
          <reporter-output>
          </reporter-output>
        </test-method> <!-- tearDown -->
        <test-method status="PASS" signature="initialization()[pri:0, instance:com.SauceDemo.testCases.CheckoutPageTest@2ac273d3]" name="initialization" is-config="true" duration-ms="2278" started-at="2022-06-20T12:09:23Z" finished-at="2022-06-20T12:09:26Z">
          <reporter-output>
          </reporter-output>
        </test-method> <!-- initialization -->
        <test-method status="PASS" signature="addCheckoutDetailsTest()[pri:2, instance:com.SauceDemo.testCases.CheckoutPageTest@2ac273d3]" name="addCheckoutDetailsTest" duration-ms="1775" started-at="2022-06-20T12:09:26Z" finished-at="2022-06-20T12:09:27Z">
          <reporter-output>
          </reporter-output>
        </test-method> <!-- addCheckoutDetailsTest -->
        <test-method status="PASS" signature="tearDown()[pri:0, instance:com.SauceDemo.testCases.CheckoutPageTest@2ac273d3]" name="tearDown" is-config="true" duration-ms="788" started-at="2022-06-20T12:09:27Z" finished-at="2022-06-20T12:09:28Z">
          <reporter-output>
          </reporter-output>
        </test-method> <!-- tearDown -->
        <test-method status="PASS" signature="initialization()[pri:0, instance:com.SauceDemo.testCases.CheckoutPageTest@2ac273d3]" name="initialization" is-config="true" duration-ms="2788" started-at="2022-06-20T12:09:28Z" finished-at="2022-06-20T12:09:31Z">
          <reporter-output>
          </reporter-output>
        </test-method> <!-- initialization -->
        <test-method status="PASS" signature="validateCheckoutDetailsTest()[pri:3, instance:com.SauceDemo.testCases.CheckoutPageTest@2ac273d3]" name="validateCheckoutDetailsTest" duration-ms="2077" started-at="2022-06-20T12:09:31Z" finished-at="2022-06-20T12:09:33Z">
          <reporter-output>
          </reporter-output>
        </test-method> <!-- validateCheckoutDetailsTest -->
        <test-method status="PASS" signature="tearDown()[pri:0, instance:com.SauceDemo.testCases.CheckoutPageTest@2ac273d3]" name="tearDown" is-config="true" duration-ms="767" started-at="2022-06-20T12:09:33Z" finished-at="2022-06-20T12:09:34Z">
          <reporter-output>
          </reporter-output>
        </test-method> <!-- tearDown -->
      </class> <!-- com.SauceDemo.testCases.CheckoutPageTest -->
    </test> <!-- SauceDemoEcommerceTest -->
  </suite> <!-- SauceDemoEcommerceSuite -->
</testng-results>
